<?xml version="1.0" encoding="UTF-8"?>
<!-- Generated by org.testng.reporters.JUnitXMLReporter -->
<testsuite hostname="C40-SF-22" name="Default test" tests="1" failures="0" timestamp="30 Mar 2017 13:03:32 GMT" time="0.014" errors="0">
  <testcase name="@BeforeSuite startTesting" time="0.0" classname="testScripts.VisionLogin">
    <failure type="org.testng.TestNGException" message="
Parameter &amp;apos;BrowserName&amp;apos; is required by @Configuration on method startTesting but has not been marked @Optional or defined
in C:\Users\Sachin.kumar\AppData\Local\Temp\testng-eclipse--1820118449\testng-customsuite.xml">
      <![CDATA[org.testng.TestNGException: 
Parameter 'BrowserName' is required by @Configuration on method startTesting but has not been marked @Optional or defined
in C:\Users\Sachin.kumar\AppData\Local\Temp\testng-eclipse--1820118449\testng-customsuite.xml
	at org.testng.internal.Parameters.createParameters(Parameters.java:154)
	at org.testng.internal.Parameters.createParameters(Parameters.java:361)
	at org.testng.internal.Parameters.createConfigurationParameters(Parameters.java:84)
	at org.testng.internal.Invoker.invokeConfigurations(Invoker.java:201)
	at org.testng.internal.Invoker.invokeConfigurations(Invoker.java:142)
	at org.testng.SuiteRunner.privateRun(SuiteRunner.java:305)
	at org.testng.SuiteRunner.run(SuiteRunner.java:268)
	at org.testng.SuiteRunnerWorker.runSuite(SuiteRunnerWorker.java:52)
	at org.testng.SuiteRunnerWorker.run(SuiteRunnerWorker.java:86)
	at org.testng.TestNG.runSuitesSequentially(TestNG.java:1244)
	at org.testng.TestNG.runSuitesLocally(TestNG.java:1169)
	at org.testng.TestNG.run(TestNG.java:1064)
	at org.testng.remote.AbstractRemoteTestNG.run(AbstractRemoteTestNG.java:132)
	at org.testng.remote.RemoteTestNG.initAndRun(RemoteTestNG.java:236)
	at org.testng.remote.RemoteTestNG.main(RemoteTestNG.java:81)
]]>
    </failure>
  </testcase> <!-- @BeforeSuite startTesting -->
  <testcase name="@BeforeTest beforeMethod" time="0.0" classname="testScripts.VisionLogin">
    <skipped/>
  </testcase> <!-- @BeforeTest beforeMethod -->
  <testcase name="@AfterTest AfterMethod" time="0.0" classname="testScripts.VisionLogin">
    <skipped/>
  </testcase> <!-- @AfterTest AfterMethod -->
  <testcase name="loginQA" time="0.003" classname="testScripts.VisionLogin">
    <skipped/>
  </testcase> <!-- loginQA -->
</testsuite> <!-- Default test -->
