<?xml version="1.0" encoding="UTF-8"?>
<!-- Generated by org.testng.reporters.JUnitXMLReporter -->
<testsuite hostname="C40sf-118-" name="Test5" tests="1" failures="1" timestamp="2 Jun 2017 10:41:27 GMT" time="99.836" errors="0">
  <testcase name="ThirdPartyProgressTest" time="4.93" classname="testScripts.ThirdPartyProgress">
    <failure type="java.lang.AssertionError" message="expected [true] but found [false]">
      <![CDATA[java.lang.AssertionError: expected [true] but found [false]
	at testScripts.ThirdPartyProgress.ThirdPartyProgressTest(ThirdPartyProgress.java:87)
... Removed 28 stack frames]]>
    </failure>
  </testcase> <!-- ThirdPartyProgressTest -->
</testsuite> <!-- Test5 -->
